2023-12-26 16:12:469 INFO  AccountInformationPage :88 - verifyEnterAccountInformationText: [[ChromeDriver: chrome on windows (cb5a7f1611dd02fff3fd308036a9b0e9)] -> css selector: body > section:nth-child(2) > div:nth-child(1) > div:nth-child(1) > div:nth-child(1) > div:nth-child(1) > h2:nth-child(1) > b:nth-child(1)]
2023-12-26 16:12:645 INFO  AccountInformationPage :93 - selectingMrTitle: [[ChromeDriver: chrome on windows (cb5a7f1611dd02fff3fd308036a9b0e9)] -> id: id_gender1]
2023-12-26 16:12:775 INFO  AccountInformationPage :98 - enterPassword: [[ChromeDriver: chrome on windows (cb5a7f1611dd02fff3fd308036a9b0e9)] -> id: password]
2023-12-26 16:12:991 INFO  AccountInformationPage :103 - selectDay: [[ChromeDriver: chrome on windows (cb5a7f1611dd02fff3fd308036a9b0e9)] -> id: days]
2023-12-26 16:12:507 INFO  AccountCreatedPage :22 - verifyAccountCreatedTextIsVisble: [[ChromeDriver: chrome on windows (cb5a7f1611dd02fff3fd308036a9b0e9)] -> css selector: h2[class='title text-center'] b]
2023-12-26 16:12:191 INFO  AccountCreatedPage :27 - clickOnContinue: [[ChromeDriver: chrome on windows (cb5a7f1611dd02fff3fd308036a9b0e9)] -> css selector: .btn.btn-primary]
2023-12-26 16:12:589 INFO  HomePage :19 - verifyHomeButtonAvailability: [[ChromeDriver: chrome on windows (5f49ef29b996b16efa06c32280762677)] -> css selector: header[id='header'] li:nth-child(1) a:nth-child(1)]
2023-12-26 16:12:923 INFO  HomePage :23 - clickOnSignOrLogin: [[ChromeDriver: chrome on windows (5f49ef29b996b16efa06c32280762677)] -> css selector: a[href='/login']]
2023-12-26 16:12:644 INFO  LoginPage :31 - checkTheTextNewUserSignUpAvailableOrNot: [[ChromeDriver: chrome on windows (5f49ef29b996b16efa06c32280762677)] -> css selector: div[class='signup-form'] h2]
2023-12-26 16:12:808 INFO  LoginPage :36 - enterNameOnNewUserSignUp: [[ChromeDriver: chrome on windows (5f49ef29b996b16efa06c32280762677)] -> css selector: input[placeholder='Name']]
2023-12-26 16:12:03 INFO  LoginPage :41 - enterEmailAddressOnNewUserSignUp: [[ChromeDriver: chrome on windows (5f49ef29b996b16efa06c32280762677)] -> css selector: input[data-qa='signup-email']]
2023-12-26 16:12:151 INFO  LoginPage :46 - clickOnSignUpButton: [[ChromeDriver: chrome on windows (5f49ef29b996b16efa06c32280762677)] -> xpath: (//button[normalize-space()='Signup'])[1]]
2023-12-26 16:12:208 INFO  AccountInformationPage :84 - verifyEnterAccountInformationText: [[ChromeDriver: chrome on windows (5f49ef29b996b16efa06c32280762677)] -> css selector: body > section:nth-child(2) > div:nth-child(1) > div:nth-child(1) > div:nth-child(1) > div:nth-child(1) > h2:nth-child(1) > b:nth-child(1)]
2023-12-26 16:12:250 INFO  AccountInformationPage :89 - selectingMrTitle: [[ChromeDriver: chrome on windows (5f49ef29b996b16efa06c32280762677)] -> id: id_gender1]
2023-12-26 16:12:334 INFO  AccountInformationPage :94 - enterPassword: [[ChromeDriver: chrome on windows (5f49ef29b996b16efa06c32280762677)] -> id: password]
2023-12-26 16:12:469 INFO  AccountInformationPage :99 - selectDay: [[ChromeDriver: chrome on windows (5f49ef29b996b16efa06c32280762677)] -> id: days]
2023-12-26 16:12:638 INFO  AccountInformationPage :104 - selectMonth: [[ChromeDriver: chrome on windows (5f49ef29b996b16efa06c32280762677)] -> id: months]
2023-12-26 16:12:783 INFO  AccountInformationPage :109 - selectYear: [[ChromeDriver: chrome on windows (5f49ef29b996b16efa06c32280762677)] -> id: years]
2023-12-26 16:12:915 INFO  AccountInformationPage :119 - clickOnSignUpForOurNewsletter: [[ChromeDriver: chrome on windows (5f49ef29b996b16efa06c32280762677)] -> id: newsletter]
2023-12-26 16:12:32 INFO  AccountInformationPage :114 - selectReceiveSpecialOffers: [[ChromeDriver: chrome on windows (5f49ef29b996b16efa06c32280762677)] -> id: optin]
2023-12-26 16:12:175 INFO  AccountInformationPage :124 - enterFirstName: [[ChromeDriver: chrome on windows (5f49ef29b996b16efa06c32280762677)] -> id: first_name]
2023-12-26 16:12:293 INFO  AccountInformationPage :129 - enterLastName: [[ChromeDriver: chrome on windows (5f49ef29b996b16efa06c32280762677)] -> id: last_name]
2023-12-26 16:12:517 INFO  AccountInformationPage :134 - enterCompanyName: [[ChromeDriver: chrome on windows (5f49ef29b996b16efa06c32280762677)] -> id: company]
2023-12-26 16:12:170 INFO  AccountInformationPage :139 - enterAddressFirstLine: [[ChromeDriver: chrome on windows (5f49ef29b996b16efa06c32280762677)] -> id: address1]
2023-12-26 16:12:473 INFO  AccountInformationPage :149 - selectCountry: [[ChromeDriver: chrome on windows (5f49ef29b996b16efa06c32280762677)] -> id: country]
2023-12-26 16:12:581 INFO  AccountInformationPage :154 - enterState: [[ChromeDriver: chrome on windows (5f49ef29b996b16efa06c32280762677)] -> id: state]
2023-12-26 16:12:699 INFO  AccountInformationPage :159 - enterCity: [[ChromeDriver: chrome on windows (5f49ef29b996b16efa06c32280762677)] -> id: city]
2023-12-26 16:12:810 INFO  AccountInformationPage :164 - enterZipCode: [[ChromeDriver: chrome on windows (5f49ef29b996b16efa06c32280762677)] -> id: zipcode]
2023-12-26 16:12:911 INFO  AccountInformationPage :169 - enterMobileNumber: [[ChromeDriver: chrome on windows (5f49ef29b996b16efa06c32280762677)] -> id: mobile_number]
2023-12-26 16:12:28 INFO  AccountInformationPage :174 - clickOnCreateAccount: [[ChromeDriver: chrome on windows (5f49ef29b996b16efa06c32280762677)] -> css selector: button[data-qa='create-account']]
2023-12-26 16:12:99 INFO  AccountCreatedPage :22 - verifyAccountCreatedTextIsVisble: [[ChromeDriver: chrome on windows (5f49ef29b996b16efa06c32280762677)] -> css selector: h2[class='title text-center'] b]
2023-12-26 16:12:158 INFO  AccountCreatedPage :27 - clickOnContinue: [[ChromeDriver: chrome on windows (5f49ef29b996b16efa06c32280762677)] -> css selector: .btn.btn-primary]
2023-12-26 16:12:597 INFO  LoggedInPage :29 - verifyLoggedInAsUserIsVisible: [[ChromeDriver: chrome on windows (5f49ef29b996b16efa06c32280762677)] -> css selector: li:nth-child(10) a:nth-child(1)]
2023-12-26 16:12:715 INFO  LoggedInPage :25 - clickONDeleteAccount: [[ChromeDriver: chrome on windows (5f49ef29b996b16efa06c32280762677)] -> css selector: div.header-middle div.container div.row div.col-sm-8 div.shop-menu.pull-right ul.nav.navbar-nav li:nth-child(5) > a:nth-child(1)]
2023-12-26 16:12:456 INFO  LoggedInPage :33 - verifyDeleteAccountButtonIsVisible: [[ChromeDriver: chrome on windows (5f49ef29b996b16efa06c32280762677)] -> css selector: div.header-middle div.container div.row div.col-sm-8 div.shop-menu.pull-right ul.nav.navbar-nav li:nth-child(5) > a:nth-child(1)]
2023-12-26 16:12:498 INFO  LoggedInPage :37 - clickOnContinueDeleteButton: [[ChromeDriver: chrome on windows (5f49ef29b996b16efa06c32280762677)] -> css selector: .btn.btn-primary]
